[ 12%] Building CUDA object CMakeFiles/felbm_gpu.dir/src/felbm_gpu_main.cu.o
[ 25%] Building CXX object CMakeFiles/felbm_gpu.dir/home/mathies/code/felbm_local/LBM/src/lbm_equilbrium_distribution_mrt.cpp.o
[ 50%] Building CXX object CMakeFiles/compare_cpu_gpu.dir/home/mathies/code/felbm_local/UTIL/src/util_string_helper.cpp.o
[ 50%] Building CUDA object CMakeFiles/compare_cpu_gpu.dir/src/compare_cpu_gpu.cu.o
[ 62%] Building CXX object CMakeFiles/compare_cpu_gpu.dir/home/mathies/code/felbm_local/LBM/src/lbm_equilbrium_distribution_mrt.cpp.o
[ 75%] Building CXX object CMakeFiles/felbm_gpu.dir/home/mathies/code/felbm_local/UTIL/src/util_string_helper.cpp.o
/home/mathies/code/felbm_gpu/../felbm_local/LBM/include/lbm_domain_initializer_cylinder.h(50): warning #177-D: variable "remaining_space" was declared but never referenced
        unsigned int remaining_space = m_raster_size;
                     ^

Remark: The warnings can be suppressed with "-diag-suppress <warning-number>"

/home/mathies/code/felbm_gpu/../felbm_local/LBM/include/lbm_domain_initializer_cylinder.h(51): warning #177-D: variable "inserted_cylinders" was declared but never referenced
        unsigned int inserted_cylinders = 0u;
                     ^

/home/mathies/code/felbm_gpu/../felbm_local/LBM/include/lbm_domain_initializer_cylinder_array.h(49): warning #177-D: variable "remaining_space" was declared but never referenced
        unsigned int remaining_space = m_raster_size;
                     ^

/home/mathies/code/felbm_gpu/../felbm_local/LBM/include/lbm_domain_initializer_cylinder_array.h(50): warning #177-D: variable "inserted_cylinders" was declared but never referenced
        unsigned int inserted_cylinders = 0u;
                     ^

/home/mathies/code/felbm_gpu/../felbm_local/LBM/include/lbm_domain_initializer_spheres_repulsive.h(75): warning #177-D: variable "cxp" was declared but never referenced
          int cxp, cyp, czp;
              ^

/home/mathies/code/felbm_gpu/../felbm_local/LBM/include/lbm_domain_initializer_spheres_repulsive.h(75): warning #177-D: variable "cyp" was declared but never referenced
          int cxp, cyp, czp;
                   ^

/home/mathies/code/felbm_gpu/../felbm_local/LBM/include/lbm_domain_initializer_spheres_repulsive.h(75): warning #177-D: variable "czp" was declared but never referenced
          int cxp, cyp, czp;
                        ^

/home/mathies/code/felbm_gpu/../felbm_local/LBM/include/utilities/lbm_save_to_csv.h(55): warning #177-D: variable "conc_solid" was declared but never referenced
      double conc_solid = 2.0;
             ^

/home/mathies/code/felbm_gpu/../felbm_local/LBM/include/lbm_domain_initializer_cylinder.h(50): warning #177-D: variable "remaining_space" was declared but never referenced
        unsigned int remaining_space = m_raster_size;
                     ^

Remark: The warnings can be suppressed with "-diag-suppress <warning-number>"

/home/mathies/code/felbm_gpu/../felbm_local/LBM/include/lbm_domain_initializer_cylinder.h(51): warning #177-D: variable "inserted_cylinders" was declared but never referenced
        unsigned int inserted_cylinders = 0u;
                     ^

/home/mathies/code/felbm_gpu/../felbm_local/LBM/include/lbm_domain_initializer_cylinder_array.h(49): warning #177-D: variable "remaining_space" was declared but never referenced
        unsigned int remaining_space = m_raster_size;
                     ^

/home/mathies/code/felbm_gpu/../felbm_local/LBM/include/lbm_domain_initializer_cylinder_array.h(50): warning #177-D: variable "inserted_cylinders" was declared but never referenced
        unsigned int inserted_cylinders = 0u;
                     ^

/home/mathies/code/felbm_gpu/../felbm_local/LBM/include/lbm_domain_initializer_spheres_repulsive.h(75): warning #177-D: variable "cxp" was declared but never referenced
          int cxp, cyp, czp;
              ^

/home/mathies/code/felbm_gpu/../felbm_local/LBM/include/lbm_domain_initializer_spheres_repulsive.h(75): warning #177-D: variable "cyp" was declared but never referenced
          int cxp, cyp, czp;
                   ^

/home/mathies/code/felbm_gpu/../felbm_local/LBM/include/lbm_domain_initializer_spheres_repulsive.h(75): warning #177-D: variable "czp" was declared but never referenced
          int cxp, cyp, czp;
                        ^

/home/mathies/code/felbm_gpu/../felbm_local/LBM/include/utilities/lbm_save_to_csv.h(55): warning #177-D: variable "conc_solid" was declared but never referenced
      double conc_solid = 2.0;
             ^

[ 87%] Linking CXX executable compare_cpu_gpu
[ 87%] Built target compare_cpu_gpu
[100%] Linking CXX executable felbm_gpu
[100%] Built target felbm_gpu
